

Microchip Technology PIC18 LITE Macro Assembler V1.38 build -256452561 
                                                                                               Thu Dec 08 11:13:34 2016

Microchip Technology Omniscient Code Generator v1.38 (Free mode) build 201607010351
     1                           	processor	18LF25K22
     2                           	fnconf	rparam,??,?,0
     3                           	opt	pw 120
     4                           	opt	lm
     5                           	psect	cinit,global,reloc=2,class=CODE,delta=1
     6                           	psect	cstackCOMRAM,global,class=COMRAM,space=1,delta=1
     7                           	psect	text0,global,reloc=2,class=CODE,delta=1
     8                           	psect	text1,global,reloc=2,class=CODE,delta=1
     9                           	psect	text2,global,reloc=2,class=CODE,delta=1
    10                           	psect	intsave_regs,global,class=BIGRAM,space=1,delta=1
    11                           	psect	rparam,global,class=COMRAM,space=1,delta=1
    12  0000                     _ANSELAbits	set	3896
    13  0000                     _LATAbits	set	3977
    14  0000                     _LATBbits	set	3978
    15  0000                     _LATCbits	set	3979
    16  0000                     _PORTAbits	set	3968
    17  0000                     _TRISAbits	set	3986
    18  0000                     _TRISBbits	set	3987
    19  0000                     _TRISCbits	set	3988
    20                           
    21                           ; #config settings
    22  0000                     
    23                           	psect	cinit
    24  007F24                     __pcinit:
    25                           	opt stack 0
    26  007F24                     start_initialization:
    27                           	opt stack 0
    28  007F24                     __initialization:
    29                           	opt stack 0
    30  007F24                     end_of_initialization:
    31                           	opt stack 0
    32  007F24                     __end_of__initialization:
    33                           	opt stack 0
    34  007F24  0100               	movlb	0
    35  007F26  EFB0  F03F         	goto	_main	;jump to C main() function
    36                           
    37                           	psect	cstackCOMRAM
    38  000001                     __pcstackCOMRAM:
    39                           	opt stack 0
    40  000001                     delayMS@a:
    41                           	opt stack 0
    42                           
    43                           ; 2 bytes @ 0x0
    44  000001                     	ds	2
    45  000003                     delayMS@i:
    46                           	opt stack 0
    47                           
    48                           ; 2 bytes @ 0x2
    49  000003                     	ds	2
    50  000005                     delayMS@j:
    51                           	opt stack 0
    52                           
    53                           ; 2 bytes @ 0x4
    54  000005                     	ds	2
    55  000007                     init@i:
    56                           	opt stack 0
    57                           
    58                           ; 2 bytes @ 0x6
    59  000007                     	ds	2
    60  000009                     main@togglePulse:
    61                           	opt stack 0
    62                           
    63                           ; 2 bytes @ 0x8
    64  000009                     	ds	2
    65                           
    66 ;;
    67 ;;Main: autosize = 0, tempsize = 0, incstack = 0, save=0
    68 ;;
    69 ;; *************** function _main *****************
    70 ;; Defined at:
    71 ;;		line 102 in file "Current_Sense_Main.c"
    72 ;; Parameters:    Size  Location     Type
    73 ;;		None
    74 ;; Auto vars:     Size  Location     Type
    75 ;;  togglePulse     2    8[COMRAM] unsigned int 
    76 ;; Return value:  Size  Location     Type
    77 ;;                  1    wreg      void 
    78 ;; Registers used:
    79 ;;		wreg, status,2, status,0, cstack
    80 ;; Tracked objects:
    81 ;;		On entry : 0/0
    82 ;;		On exit  : 0/0
    83 ;;		Unchanged: 0/0
    84 ;; Data sizes:     COMRAM   BANK0   BANK1   BANK2   BANK3   BANK4   BANK5
    85 ;;      Params:         0       0       0       0       0       0       0
    86 ;;      Locals:         2       0       0       0       0       0       0
    87 ;;      Temps:          0       0       0       0       0       0       0
    88 ;;      Totals:         2       0       0       0       0       0       0
    89 ;;Total ram usage:        2 bytes
    90 ;; Hardware stack levels required when called:    2
    91 ;; This function calls:
    92 ;;		_delayMS
    93 ;;		_init
    94 ;; This function is called by:
    95 ;;		Startup code after reset
    96 ;; This function uses a non-reentrant model
    97 ;;
    98                           
    99                           	psect	text0
   100  007F60                     __ptext0:
   101                           	opt stack 0
   102  007F60                     _main:
   103                           	opt stack 29
   104                           
   105                           ;Current_Sense_Main.c: 103: unsigned int togglePulse = 0;
   106                           
   107                           ;incstack = 0
   108  007F60  0E00               	movlw	0
   109  007F62  6E0A               	movwf	main@togglePulse+1,c
   110  007F64  0E00               	movlw	0
   111  007F66  6E09               	movwf	main@togglePulse,c
   112                           
   113                           ;Current_Sense_Main.c: 104: init();
   114  007F68  ECD7  F03F         	call	_init	;wreg free
   115  007F6C                     l729:
   116                           
   117                           ;Current_Sense_Main.c: 128: if(PORTAbits.RA1 == 1) {
   118  007F6C  A280               	btfss	3968,1,c	;volatile
   119  007F6E  D002               	goto	l24
   120                           
   121                           ;Current_Sense_Main.c: 129: LATAbits.LATA0 = 0b1;
   122  007F70  8089               	bsf	3977,0,c	;volatile
   123                           
   124                           ;Current_Sense_Main.c: 131: }
   125  007F72  D7FC               	goto	l729
   126  007F74                     l24:
   127                           
   128                           ;Current_Sense_Main.c: 132: else {
   129                           ;Current_Sense_Main.c: 133: LATAbits.LATA0 = 0b0;
   130  007F74  9089               	bcf	3977,0,c	;volatile
   131                           
   132                           ;Current_Sense_Main.c: 136: if (togglePulse == 0) {
   133  007F76  5009               	movf	main@togglePulse,w,c
   134  007F78  100A               	iorwf	main@togglePulse+1,w,c
   135  007F7A  A4D8               	btfss	status,2,c
   136  007F7C  D00C               	goto	l26
   137                           
   138                           ;Current_Sense_Main.c: 137: LATBbits.LATB4 = 1;
   139  007F7E  888A               	bsf	3978,4,c	;volatile
   140                           
   141                           ;Current_Sense_Main.c: 138: togglePulse = 1;
   142  007F80  0E00               	movlw	0
   143  007F82  6E0A               	movwf	main@togglePulse+1,c
   144  007F84  0E01               	movlw	1
   145  007F86  6E09               	movwf	main@togglePulse,c
   146                           
   147                           ;Current_Sense_Main.c: 139: delayMS(100);
   148  007F88  0E00               	movlw	0
   149  007F8A  6E02               	movwf	delayMS@a+1,c
   150  007F8C  0E64               	movlw	100
   151  007F8E  6E01               	movwf	delayMS@a,c
   152  007F90  EC95  F03F         	call	_delayMS	;wreg free
   153                           
   154                           ;Current_Sense_Main.c: 140: } else {
   155  007F94  D7EB               	goto	l729
   156  007F96                     l26:
   157                           
   158                           ;Current_Sense_Main.c: 141: LATBbits.LATB4 = 0;
   159  007F96  988A               	bcf	3978,4,c	;volatile
   160                           
   161                           ;Current_Sense_Main.c: 142: togglePulse = 0;
   162  007F98  0E00               	movlw	0
   163  007F9A  6E0A               	movwf	main@togglePulse+1,c
   164  007F9C  0E00               	movlw	0
   165  007F9E  6E09               	movwf	main@togglePulse,c
   166                           
   167                           ;Current_Sense_Main.c: 143: delayMS(100);
   168  007FA0  0E00               	movlw	0
   169  007FA2  6E02               	movwf	delayMS@a+1,c
   170  007FA4  0E64               	movlw	100
   171  007FA6  6E01               	movwf	delayMS@a,c
   172  007FA8  EC95  F03F         	call	_delayMS	;wreg free
   173  007FAC  D7DF               	goto	l729
   174  007FAE                     __end_of_main:
   175                           	opt stack 0
   176                           status	equ	0xFD8
   177                           
   178 ;; *************** function _init *****************
   179 ;; Defined at:
   180 ;;		line 150 in file "Current_Sense_Main.c"
   181 ;; Parameters:    Size  Location     Type
   182 ;;		None
   183 ;; Auto vars:     Size  Location     Type
   184 ;;  i               2    6[COMRAM] unsigned int 
   185 ;; Return value:  Size  Location     Type
   186 ;;                  1    wreg      void 
   187 ;; Registers used:
   188 ;;		wreg, status,2, status,0, cstack
   189 ;; Tracked objects:
   190 ;;		On entry : 0/0
   191 ;;		On exit  : 0/0
   192 ;;		Unchanged: 0/0
   193 ;; Data sizes:     COMRAM   BANK0   BANK1   BANK2   BANK3   BANK4   BANK5
   194 ;;      Params:         0       0       0       0       0       0       0
   195 ;;      Locals:         2       0       0       0       0       0       0
   196 ;;      Temps:          0       0       0       0       0       0       0
   197 ;;      Totals:         2       0       0       0       0       0       0
   198 ;;Total ram usage:        2 bytes
   199 ;; Hardware stack levels used:    1
   200 ;; Hardware stack levels required when called:    1
   201 ;; This function calls:
   202 ;;		_delayMS
   203 ;; This function is called by:
   204 ;;		_main
   205 ;; This function uses a non-reentrant model
   206 ;;
   207                           
   208                           	psect	text1
   209  007FAE                     __ptext1:
   210                           	opt stack 0
   211  007FAE                     _init:
   212                           	opt stack 29
   213                           
   214                           ;Current_Sense_Main.c: 151: TRISAbits.TRISA0 = 0;
   215                           
   216                           ;incstack = 0
   217  007FAE  9092               	bcf	3986,0,c	;volatile
   218                           
   219                           ;Current_Sense_Main.c: 152: TRISAbits.TRISA1 = 1;
   220  007FB0  8292               	bsf	3986,1,c	;volatile
   221                           
   222                           ;Current_Sense_Main.c: 153: TRISBbits.TRISB4 = 0;
   223  007FB2  9893               	bcf	3987,4,c	;volatile
   224                           
   225                           ;Current_Sense_Main.c: 154: TRISCbits.TRISC3 = 0;
   226  007FB4  9694               	bcf	3988,3,c	;volatile
   227                           
   228                           ;Current_Sense_Main.c: 155: TRISCbits.TRISC5 = 0;
   229  007FB6  9A94               	bcf	3988,5,c	;volatile
   230                           
   231                           ;Current_Sense_Main.c: 156: TRISCbits.TRISC6 = 0;
   232  007FB8  9C94               	bcf	3988,6,c	;volatile
   233                           
   234                           ;Current_Sense_Main.c: 157: TRISCbits.TRISC7 = 0;
   235  007FBA  9E94               	bcf	3988,7,c	;volatile
   236                           
   237                           ;Current_Sense_Main.c: 158: ANSELAbits.ANSA1 = 0b0;
   238  007FBC  010F               	movlb	15	; () banked
   239  007FBE  9338               	bcf	56,1,b	;volatile
   240                           
   241                           ;Current_Sense_Main.c: 160: LATCbits.LATC6 = 1;
   242  007FC0  8C8B               	bsf	3979,6,c	;volatile
   243                           
   244                           ;Current_Sense_Main.c: 161: LATCbits.LATC3 = 1;
   245  007FC2  868B               	bsf	3979,3,c	;volatile
   246                           
   247                           ;Current_Sense_Main.c: 162: LATCbits.LATC5 = 1;
   248  007FC4  8A8B               	bsf	3979,5,c	;volatile
   249                           
   250                           ;Current_Sense_Main.c: 163: LATCbits.LATC7 = 1;
   251  007FC6  8E8B               	bsf	3979,7,c	;volatile
   252                           
   253                           ; BSR set to: 15
   254                           ;Current_Sense_Main.c: 167: unsigned int i;
   255                           ;Current_Sense_Main.c: 168: for (i = 0; i < 15; i++) {
   256  007FC8  0E00               	movlw	0
   257  007FCA  6E08               	movwf	init@i+1,c
   258  007FCC  0E00               	movlw	0
   259  007FCE  6E07               	movwf	init@i,c
   260  007FD0                     l713:
   261                           
   262                           ; BSR set to: 15
   263  007FD0  5008               	movf	init@i+1,w,c
   264  007FD2  E115               	bnz	l35
   265  007FD4  0E0F               	movlw	15
   266  007FD6  5C07               	subwf	init@i,w,c
   267  007FD8  B0D8               	btfsc	status,0,c
   268  007FDA  0012               	return	
   269                           
   270                           ;Current_Sense_Main.c: 169: LATBbits.LATB4 = 1;
   271                           
   272                           ; BSR set to: 15
   273  007FDC  888A               	bsf	3978,4,c	;volatile
   274                           
   275                           ;Current_Sense_Main.c: 170: delayMS(25);
   276  007FDE  0E00               	movlw	0
   277  007FE0  6E02               	movwf	delayMS@a+1,c
   278  007FE2  0E19               	movlw	25
   279  007FE4  6E01               	movwf	delayMS@a,c
   280  007FE6  EC95  F03F         	call	_delayMS	;wreg free
   281                           
   282                           ;Current_Sense_Main.c: 171: LATBbits.LATB4 = 0;
   283  007FEA  988A               	bcf	3978,4,c	;volatile
   284                           
   285                           ;Current_Sense_Main.c: 172: delayMS(25);
   286  007FEC  0E00               	movlw	0
   287  007FEE  6E02               	movwf	delayMS@a+1,c
   288  007FF0  0E19               	movlw	25
   289  007FF2  6E01               	movwf	delayMS@a,c
   290  007FF4  EC95  F03F         	call	_delayMS	;wreg free
   291  007FF8  4A07               	infsnz	init@i,f,c
   292  007FFA  2A08               	incf	init@i+1,f,c
   293  007FFC  D7E9               	goto	l713
   294  007FFE                     l35:
   295  007FFE  0012               	return		;funcret
   296  008000                     __end_of_init:
   297                           	opt stack 0
   298                           status	equ	0xFD8
   299                           
   300 ;; *************** function _delayMS *****************
   301 ;; Defined at:
   302 ;;		line 177 in file "Current_Sense_Main.c"
   303 ;; Parameters:    Size  Location     Type
   304 ;;  a               2    0[COMRAM] unsigned int 
   305 ;; Auto vars:     Size  Location     Type
   306 ;;  j               2    4[COMRAM] unsigned int 
   307 ;;  i               2    2[COMRAM] unsigned int 
   308 ;; Return value:  Size  Location     Type
   309 ;;                  1    wreg      void 
   310 ;; Registers used:
   311 ;;		wreg, status,2, status,0
   312 ;; Tracked objects:
   313 ;;		On entry : 0/0
   314 ;;		On exit  : 0/0
   315 ;;		Unchanged: 0/0
   316 ;; Data sizes:     COMRAM   BANK0   BANK1   BANK2   BANK3   BANK4   BANK5
   317 ;;      Params:         2       0       0       0       0       0       0
   318 ;;      Locals:         4       0       0       0       0       0       0
   319 ;;      Temps:          0       0       0       0       0       0       0
   320 ;;      Totals:         6       0       0       0       0       0       0
   321 ;;Total ram usage:        6 bytes
   322 ;; Hardware stack levels used:    1
   323 ;; This function calls:
   324 ;;		Nothing
   325 ;; This function is called by:
   326 ;;		_main
   327 ;;		_init
   328 ;; This function uses a non-reentrant model
   329 ;;
   330                           
   331                           	psect	text2
   332  007F2A                     __ptext2:
   333                           	opt stack 0
   334  007F2A                     _delayMS:
   335                           	opt stack 29
   336                           
   337                           ;Current_Sense_Main.c: 178: unsigned int i, j;
   338                           ;Current_Sense_Main.c: 180: for (i = 0; i < a; i++)
   339                           
   340                           ;incstack = 0
   341  007F2A  0E00               	movlw	0
   342  007F2C  6E04               	movwf	delayMS@i+1,c
   343  007F2E  0E00               	movlw	0
   344  007F30  6E03               	movwf	delayMS@i,c
   345  007F32  D00F               	goto	l707
   346  007F34                     l695:
   347                           
   348                           ;Current_Sense_Main.c: 181: for (j = 0; j < 100; j++);
   349  007F34  0E00               	movlw	0
   350  007F36  6E06               	movwf	delayMS@j+1,c
   351  007F38  0E00               	movlw	0
   352  007F3A  6E05               	movwf	delayMS@j,c
   353  007F3C                     l697:
   354  007F3C  5006               	movf	delayMS@j+1,w,c
   355  007F3E  E107               	bnz	l705
   356  007F40  0E64               	movlw	100
   357  007F42  5C05               	subwf	delayMS@j,w,c
   358  007F44  B0D8               	btfsc	status,0,c
   359  007F46  D003               	goto	l705
   360  007F48  4A05               	infsnz	delayMS@j,f,c
   361  007F4A  2A06               	incf	delayMS@j+1,f,c
   362  007F4C  D7F7               	goto	l697
   363  007F4E                     l705:
   364  007F4E  4A03               	infsnz	delayMS@i,f,c
   365  007F50  2A04               	incf	delayMS@i+1,f,c
   366  007F52                     l707:
   367  007F52  5001               	movf	delayMS@a,w,c
   368  007F54  5C03               	subwf	delayMS@i,w,c
   369  007F56  5002               	movf	delayMS@a+1,w,c
   370  007F58  5804               	subwfb	delayMS@i+1,w,c
   371  007F5A  B0D8               	btfsc	status,0,c
   372  007F5C  0012               	return	
   373  007F5E  D7EA               	goto	l695
   374  007F60                     __end_of_delayMS:
   375                           	opt stack 0
   376  0000                     status	equ	0xFD8
   377                           status	equ	0xFD8
   378                           
   379                           	psect	rparam
   380  0000                     status	equ	0xFD8


Data Sizes:
    Strings     0
    Constant    0
    Data        0
    BSS         0
    Persistent  0
    Stack       0

Auto Spaces:
    Space          Size  Autos    Used
    COMRAM           95     10      10
    BANK0           160      0       0
    BANK1           256      0       0
    BANK2           256      0       0
    BANK3           256      0       0
    BANK4           256      0       0
    BANK5           256      0       0

Pointer List with Targets:

    None.

Critical Paths under _main in COMRAM

    _main->_init
    _init->_delayMS

Critical Paths under _main in BANK0

    None.

Critical Paths under _main in BANK1

    None.

Critical Paths under _main in BANK2

    None.

Critical Paths under _main in BANK3

    None.

Critical Paths under _main in BANK4

    None.

Critical Paths under _main in BANK5

    None.

Call Graph Tables:

 ---------------------------------------------------------------------------------
 (Depth) Function   	        Calls       Base Space   Used Autos Params    Refs
 ---------------------------------------------------------------------------------
 (0) _main                                                 2     2      0     599
                                              8 COMRAM     2     2      0
                            _delayMS
                               _init
 ---------------------------------------------------------------------------------
 (1) _init                                                 2     2      0     310
                                              6 COMRAM     2     2      0
                            _delayMS
 ---------------------------------------------------------------------------------
 (2) _delayMS                                              6     4      2     264
                                              0 COMRAM     6     4      2
 ---------------------------------------------------------------------------------
 Estimated maximum stack depth 2
 ---------------------------------------------------------------------------------

 Call Graph Graphs:

 _main (ROOT)
   _delayMS
   _init
     _delayMS

 Address spaces:
Name               Size   Autos  Total    Cost      Usage
BITCOMRAM           5F      0       0       0        0.0%
EEDATA             100      0       0       0        0.0%
NULL                 0      0       0       0        0.0%
CODE                 0      0       0       0        0.0%
COMRAM              5F      A       A       1       10.5%
STACK                0      0       0       2        0.0%
BITBANK0            A0      0       0       3        0.0%
BANK0               A0      0       0       4        0.0%
BITBANK1           100      0       0       5        0.0%
BANK1              100      0       0       6        0.0%
BITBANK2           100      0       0       7        0.0%
BANK2              100      0       0       8        0.0%
ABS                  0      0       0       9        0.0%
BITBANK3           100      0       0      10        0.0%
BANK3              100      0       0      11        0.0%
BITBANK4           100      0       0      12        0.0%
BANK4              100      0       0      13        0.0%
BITBANK5           100      0       0      14        0.0%
BANK5              100      0       0      15        0.0%
BIGRAM             5FF      0       0      16        0.0%
DATA                 0      0       0      17        0.0%
BITSFR_1             0      0       0      40        0.0%
SFR_1                0      0       0      40        0.0%
BITSFR               0      0       0      40        0.0%
SFR                  0      0       0      40        0.0%


Microchip Technology PIC18 Macro Assembler V1.38 build -256452561 
Symbol Table                                                                                   Thu Dec 08 11:13:34 2016

                     l24 7F74                       l26 7F96                       l35 7FFE  
           __CFG_CP0$OFF 000000             __CFG_CP1$OFF 000000             __CFG_CP2$OFF 000000  
           __CFG_CP3$OFF 000000              __CFG_LVP$ON 000000                      l705 7F4E  
                    l713 7FD0                      l707 7F52                      l729 7F6C  
                    l695 7F34                      l697 7F3C             __CFG_CPB$OFF 000000  
           __CFG_CPD$OFF 000000                     _main 7F60                     _init 7FAE  
          __CFG_BORV$190 000000                     start 0000            __CFG_IESO$OFF 000000  
           ___param_bank 000010                    ?_main 0001                    ?_init 0001  
        __end_of_delayMS 7F60            __CFG_WRT0$OFF 000000            __CFG_WRT1$OFF 000000  
          __CFG_WRT2$OFF 000000            __CFG_WRT3$OFF 000000           __CFG_EBTR0$OFF 000000  
         __CFG_FCMEN$OFF 000000           __CFG_EBTR1$OFF 000000           __CFG_EBTR2$OFF 000000  
         __CFG_EBTR3$OFF 000000            __CFG_WRTB$OFF 000000            __CFG_WRTC$OFF 000000  
          __CFG_WRTD$OFF 000000           __CFG_EBTRB$OFF 000000       __CFG_MCLRE$EXTMCLR 000000  
                  init@i 0007           __CFG_BOREN$OFF 000000                    status 000FD8  
         __CFG_HFOFST$ON 000000          __initialization 7F24             __end_of_main 7FAE  
           __end_of_init 8000                   ??_main 0009                   ??_init 0007  
          __activetblptr 000000           __CFG_PLLCFG$ON 000000           __CFG_WDTEN$OFF 000000  
         __CFG_XINST$OFF 000000           __CFG_STVREN$ON 000000                ??_delayMS 0003  
             __accesstop 0060  __end_of__initialization 7F24          __CFG_PBADEN$OFF 000000  
          ___rparam_used 000001           __pcstackCOMRAM 0001       __CFG_CCP2MX$PORTC1 000000  
     __CFG_CCP3MX$PORTB5 000000          __CFG_PWRTEN$OFF 000000                  __Hparam 0000  
                __Lparam 0000                  __pcinit 7F24                  _delayMS 7F2A  
                __ramtop 0600                  __ptext0 7F60                  __ptext1 7FAE  
                __ptext2 7F2A     end_of_initialization 7F24                _PORTAbits 000F80  
       __CFG_FOSC$INTIO7 000000                _TRISAbits 000F92                _TRISBbits 000F93  
              _TRISCbits 000F94      start_initialization 7F24                 ?_delayMS 0001  
       __CFG_PRICLKEN$ON 000000                 _LATAbits 000F89                 _LATBbits 000F8A  
               _LATCbits 000F8B         __CFG_WDTPS$32768 000000                 __Hrparam 0000  
               __Lrparam 0000        __CFG_P2BMX$PORTB5 000000         __size_of_delayMS 0036  
             _ANSELAbits 000F38            __size_of_main 004E            __size_of_init 0052  
               delayMS@a 0001                 delayMS@i 0003                 delayMS@j 0005  
        main@togglePulse 0009        __CFG_T3CMX$PORTC0 000000  
